<?xml version="1.0" encoding="UTF-8"?>
<!-- Generated by org.testng.reporters.JUnitReportReporter -->
<testsuite name="framework.DataProviderBYtestNG" tests="3" time="0.025" ignored="0" failures="0" timestamp="17 Dec 2016 20:09:08 GMT" skipped="0" hostname="rahul-Lenovo-G50-70" errors="0">
  <testcase name="useid" time="0.003" classname="framework.DataProviderBYtestNG"/>
  <testcase name="useid" time="0.019" classname="framework.DataProviderBYtestNG"/>
  <testcase name="useid" time="0.003" classname="framework.DataProviderBYtestNG"/>
</testsuite> <!-- framework.DataProviderBYtestNG -->
