<?xml version="1.0" encoding="UTF-8"?>
<!-- Generated by org.testng.reporters.JUnitReportReporter -->
<testsuite name="framework.anootatintypes" tests="2" time="0.012" ignored="1" failures="0" timestamp="16 Dec 2016 06:32:18 GMT" skipped="0" hostname="rahul-Lenovo-G50-70" errors="0">
  <testcase name="makethePayment" time="0.002" classname="framework.anootatintypes"/>
  <testcase name="checkvalidCreditard" time="0.010" classname="framework.anootatintypes"/>
  <testcase name="skipmethod" classname="framework.anootatintypes">
    <skipped/>
  </testcase> <!-- skipmethod -->
</testsuite> <!-- framework.anootatintypes -->
