<?xml version="1.0" encoding="UTF-8"?>
<!-- Generated by org.testng.reporters.JUnitReportReporter -->
<testsuite name="framework.frameworktestingone" tests="3" time="0.027" ignored="0" failures="0" timestamp="17 Dec 2016 20:33:53 GMT" skipped="0" hostname="rahul-Lenovo-G50-70" errors="0">
  <testcase name="flightbooking" time="0.007" classname="framework.frameworktestingone"/>
  <testcase name="openingbrowser" time="0.006" classname="framework.frameworktestingone"/>
  <testcase name="Enterusename" time="0.014" classname="framework.frameworktestingone"/>
</testsuite> <!-- framework.frameworktestingone -->
