<?xml version="1.0" encoding="UTF-8"?>
<!-- Generated by org.testng.reporters.JUnitReportReporter -->
<testsuite name="framework.DataDrivenFramework" tests="1" time="0.025" ignored="0" failures="0" timestamp="17 Dec 2016 21:12:59 GMT" skipped="0" hostname="rahul-Lenovo-G50-70" errors="0">
  <testcase name="Username" time="0.025" classname="framework.DataDrivenFramework"/>
</testsuite> <!-- framework.DataDrivenFramework -->
